<?xml version="1.0" encoding="UTF-8"?>
<!-- Generated by org.testng.reporters.JUnitXMLReporter -->
<testsuite ignored="2" hostname="LAPTOP-C3S9CP15" failures="0" tests="2" name="Test" time="71.431" errors="0" timestamp="2024-03-11T08:51:19 IST">
  <testcase classname="campaignsTests.CreateNewCampaignTC02Test" name="createNewCampaignWithCampaignType" time="22.913"/>
  <testcase classname="campaignsTests.CreateNewCampaignTC01Test" name="createCampaignWithMandatoryFields" time="12.809"/>
  <testcase classname="genericUtilities.BaseClass" name="@AfterSuite asConfig" time="0.0">
    <ignored/>
  </testcase> <!-- @AfterSuite asConfig -->
  <testcase classname="genericUtilities.BaseClass" name="@BeforeSuite bsConfig" time="0.0">
    <ignored/>
  </testcase> <!-- @BeforeSuite bsConfig -->
</testsuite> <!-- Test -->
