<?xml version="1.0" encoding="UTF-8"?>
<testng-results ignored="0" total="1" passed="1" failed="0" skipped="0">
  <reporter-output>
  </reporter-output>
  <suite started-at="2024-03-20T13:15:30 IST" name="Default suite" finished-at="2024-03-20T13:16:27 IST" duration-ms="56262">
    <groups>
    </groups>
    <test started-at="2024-03-20T13:15:30 IST" name="Default test" finished-at="2024-03-20T13:16:27 IST" duration-ms="56262">
      <class name="vendorsTests.CreateNewVendorTC01Test">
        <test-method is-config="true" signature="bsConfig()[pri:0, instance:vendorsTests.CreateNewVendorTC01Test@4facf68f]" started-at="2024-03-20T13:15:30 IST" name="bsConfig" finished-at="2024-03-20T13:15:30 IST" duration-ms="14" status="PASS">
          <reporter-output>
          </reporter-output>
        </test-method> <!-- bsConfig -->
        <test-method is-config="true" signature="bcConfig()[pri:0, instance:vendorsTests.CreateNewVendorTC01Test@4facf68f]" started-at="2024-03-20T13:15:30 IST" name="bcConfig" finished-at="2024-03-20T13:15:43 IST" duration-ms="12333" status="PASS">
          <reporter-output>
          </reporter-output>
        </test-method> <!-- bcConfig -->
        <test-method is-config="true" signature="bmConfig()[pri:0, instance:vendorsTests.CreateNewVendorTC01Test@4facf68f]" started-at="2024-03-20T13:15:43 IST" name="bmConfig" finished-at="2024-03-20T13:15:56 IST" duration-ms="13422" status="PASS">
          <reporter-output>
          </reporter-output>
        </test-method> <!-- bmConfig -->
        <test-method signature="createVendorWithMandatoryFields()[pri:0, instance:vendorsTests.CreateNewVendorTC01Test@4facf68f]" started-at="2024-03-20T13:15:56 IST" name="createVendorWithMandatoryFields" finished-at="2024-03-20T13:16:22 IST" duration-ms="26064" status="PASS">
          <reporter-output>
          </reporter-output>
        </test-method> <!-- createVendorWithMandatoryFields -->
        <test-method is-config="true" signature="amConfig()[pri:0, instance:vendorsTests.CreateNewVendorTC01Test@4facf68f]" started-at="2024-03-20T13:16:22 IST" name="amConfig" finished-at="2024-03-20T13:16:26 IST" duration-ms="4091" status="PASS">
          <reporter-output>
          </reporter-output>
        </test-method> <!-- amConfig -->
        <test-method is-config="true" signature="acConfig()[pri:0, instance:vendorsTests.CreateNewVendorTC01Test@4facf68f]" started-at="2024-03-20T13:16:26 IST" name="acConfig" finished-at="2024-03-20T13:16:27 IST" duration-ms="284" status="PASS">
          <reporter-output>
          </reporter-output>
        </test-method> <!-- acConfig -->
        <test-method is-config="true" signature="asConfig()[pri:0, instance:vendorsTests.CreateNewVendorTC01Test@4facf68f]" started-at="2024-03-20T13:16:27 IST" name="asConfig" finished-at="2024-03-20T13:16:27 IST" duration-ms="5" status="PASS">
          <reporter-output>
          </reporter-output>
        </test-method> <!-- asConfig -->
      </class> <!-- vendorsTests.CreateNewVendorTC01Test -->
    </test> <!-- Default test -->
  </suite> <!-- Default suite -->
</testng-results>
