<?xml version="1.0" encoding="UTF-8"?>
<testng-results ignored="0" total="1" passed="1" failed="0" skipped="0">
  <reporter-output>
  </reporter-output>
  <suite started-at="2024-03-21T16:45:55 IST" name="Default suite" finished-at="2024-03-21T16:46:35 IST" duration-ms="40202">
    <groups>
      <group name="smokeTest">
        <method signature="CreateNewLeadTC01Test.createLeadWithMandatoryFields()[pri:0, instance:leadsTests.CreateNewLeadTC01Test@4facf68f]" name="createLeadWithMandatoryFields" class="leadsTests.CreateNewLeadTC01Test"/>
      </group> <!-- smokeTest -->
    </groups>
    <test started-at="2024-03-21T16:45:55 IST" name="Default test" finished-at="2024-03-21T16:46:35 IST" duration-ms="40202">
      <class name="leadsTests.CreateNewLeadTC01Test">
        <test-method is-config="true" signature="bsConfig()[pri:0, instance:leadsTests.CreateNewLeadTC01Test@4facf68f]" started-at="2024-03-21T16:45:55 IST" name="bsConfig" finished-at="2024-03-21T16:45:55 IST" duration-ms="11" status="PASS">
          <reporter-output>
          </reporter-output>
        </test-method> <!-- bsConfig -->
        <test-method is-config="true" signature="bcConfig()[pri:0, instance:leadsTests.CreateNewLeadTC01Test@4facf68f]" started-at="2024-03-21T16:45:55 IST" name="bcConfig" finished-at="2024-03-21T16:46:03 IST" duration-ms="8562" status="PASS">
          <reporter-output>
          </reporter-output>
        </test-method> <!-- bcConfig -->
        <test-method is-config="true" signature="bmConfig()[pri:0, instance:leadsTests.CreateNewLeadTC01Test@4facf68f]" started-at="2024-03-21T16:46:03 IST" name="bmConfig" finished-at="2024-03-21T16:46:13 IST" duration-ms="9500" status="PASS">
          <reporter-output>
          </reporter-output>
        </test-method> <!-- bmConfig -->
        <test-method signature="createLeadWithMandatoryFields()[pri:0, instance:leadsTests.CreateNewLeadTC01Test@4facf68f]" started-at="2024-03-21T16:46:13 IST" name="createLeadWithMandatoryFields" finished-at="2024-03-21T16:46:31 IST" duration-ms="18513" status="PASS">
          <reporter-output>
          </reporter-output>
        </test-method> <!-- createLeadWithMandatoryFields -->
        <test-method is-config="true" signature="amConfig()[pri:0, instance:leadsTests.CreateNewLeadTC01Test@4facf68f]" started-at="2024-03-21T16:46:31 IST" name="amConfig" finished-at="2024-03-21T16:46:34 IST" duration-ms="2917" status="PASS">
          <reporter-output>
          </reporter-output>
        </test-method> <!-- amConfig -->
        <test-method is-config="true" signature="acConfig()[pri:0, instance:leadsTests.CreateNewLeadTC01Test@4facf68f]" started-at="2024-03-21T16:46:34 IST" name="acConfig" finished-at="2024-03-21T16:46:35 IST" duration-ms="632" status="PASS">
          <reporter-output>
          </reporter-output>
        </test-method> <!-- acConfig -->
        <test-method is-config="true" signature="asConfig()[pri:0, instance:leadsTests.CreateNewLeadTC01Test@4facf68f]" started-at="2024-03-21T16:46:35 IST" name="asConfig" finished-at="2024-03-21T16:46:35 IST" duration-ms="0" status="PASS">
          <reporter-output>
          </reporter-output>
        </test-method> <!-- asConfig -->
      </class> <!-- leadsTests.CreateNewLeadTC01Test -->
    </test> <!-- Default test -->
  </suite> <!-- Default suite -->
</testng-results>
